<?xml version="1.0" encoding="UTF-8"?>
<!-- Generated by org.testng.reporters.JUnitReportReporter -->
<testsuite hostname="MSI" failures="0" tests="2" name="com.mystore.TestCases.TC_LoginPage" time="4.299" errors="0" timestamp="2025-01-16T23:20:36 IST" skipped="1">
  <testcase classname="com.mystore.TestCases.TC_LoginPage" name="SignIn" time="4.299"/>
  <testcase classname="com.mystore.TestCases.TC_LoginPage" name="verifyRegistrationAndLogin">
    <skipped/>
  </testcase> <!-- verifyRegistrationAndLogin -->
</testsuite> <!-- com.mystore.TestCases.TC_LoginPage -->
